<?xml version="1.0" encoding="UTF-8"?>
<!-- Generated by org.testng.reporters.JUnitReportReporter -->
<testsuite hostname="LTIN294257" failures="0" tests="2" name="com.RestAssuredTest.RestAssuredTest" time="2.274" errors="0" timestamp="2023-09-26T09:24:02 IST" skipped="0">
  <testcase classname="com.RestAssuredTest.RestAssuredTest" name="getCallTest" time="0.397">
    <system-out>
      <![CDATA[Response: {"data":{"id":2,"email":"janet.weaver@reqres.in","first_name":"Janet","last_name":"Weaver","avatar":"https://reqres.in/img/faces/2-image.jpg"},"support":{"url":"https://reqres.in/#support-heading","text":"To keep ReqRes free, contributions towards server costs are appreciated!"}}
First name as Janet validated successfully
Last name as Weaver validated successfully
Status code as 200 validated successfully]]>
    </system-out>
  </testcase> <!-- getCallTest -->
  <testcase classname="com.RestAssuredTest.RestAssuredTest" name="postCallTest" time="1.877">
    <system-out>
      <![CDATA[Response: {"Msg":"successfully added","ID":"22346796988798"}
Msg as successfully added validated successfully
ID as 22346796988798 validated successfully
Status code as 200 validated successfully]]>
    </system-out>
  </testcase> <!-- postCallTest -->
  <system-out>
    <![CDATA[Response: {"Msg":"successfully added","ID":"22346796988798"}
Msg as successfully added validated successfully
ID as 22346796988798 validated successfully
Status code as 200 validated successfully
Response: {"data":{"id":2,"email":"janet.weaver@reqres.in","first_name":"Janet","last_name":"Weaver","avatar":"https://reqres.in/img/faces/2-image.jpg"},"support":{"url":"https://reqres.in/#support-heading","text":"To keep ReqRes free, contributions towards server costs are appreciated!"}}
First name as Janet validated successfully
Last name as Weaver validated successfully
Status code as 200 validated successfully]]>
  </system-out>
</testsuite> <!-- com.RestAssuredTest.RestAssuredTest -->
